<?xml version="1.0" encoding="UTF-8"?>
<!-- Generated by org.testng.reporters.JUnitReportReporter -->
<testsuite hostname="LMC-LT-070" failures="0" tests="1" name="DEMO" time="0.011" errors="0" timestamp="2022-08-02T14:15:47 IST" skipped="0">
  <testcase classname="DEMO" name="Sample" time="0.011"/>
  <system-out/>
</testsuite> <!-- DEMO -->
